2024-04-28 16:11:10.586 [main] INFO  com.example.DemoApplication - Starting DemoApplication using Java 1.8.0_333 on DESKTOP-3UBJMP5 with PID 2164 (C:\Users\PC\Documents\logisticsHelp\target\classes started by PC in C:\Users\PC\Documents\logisticsHelp)
2024-04-28 16:11:10.596 [main] INFO  com.example.DemoApplication - No active profile set, falling back to 1 default profile: "default"
2024-04-28 16:11:10.617 [background-preinit] INFO  org.hibernate.validator.internal.util.Version - HV000001: Hibernate Validator 6.2.3.Final
2024-04-28 16:11:13.189 [main] INFO  o.s.d.r.config.RepositoryConfigurationDelegate - Multiple Spring Data modules found, entering strict repository configuration mode
2024-04-28 16:11:13.195 [main] INFO  o.s.d.r.config.RepositoryConfigurationDelegate - Bootstrapping Spring Data Redis repositories in DEFAULT mode.
2024-04-28 16:11:13.254 [main] INFO  o.s.d.r.config.RepositoryConfigurationDelegate - Finished Spring Data repository scanning in 27 ms. Found 0 Redis repository interfaces.
2024-04-28 16:11:14.494 [main] INFO  o.s.boot.web.embedded.tomcat.TomcatWebServer - Tomcat initialized with port(s): 8082 (http)
2024-04-28 16:11:14.509 [main] INFO  org.apache.coyote.http11.Http11NioProtocol - Initializing ProtocolHandler ["http-nio-8082"]
2024-04-28 16:11:14.511 [main] INFO  org.apache.catalina.core.StandardService - Starting service [Tomcat]
2024-04-28 16:11:14.511 [main] INFO  org.apache.catalina.core.StandardEngine - Starting Servlet engine: [Apache Tomcat/9.0.65]
2024-04-28 16:11:14.788 [main] INFO  o.a.c.core.ContainerBase.[Tomcat].[localhost].[/] - Initializing Spring embedded WebApplicationContext
2024-04-28 16:11:14.789 [main] INFO  o.s.b.w.s.c.ServletWebServerApplicationContext - Root WebApplicationContext: initialization completed in 4045 ms
2024-04-28 16:11:15.162 [main] INFO  c.g.y.a.MybatisPlusJoinAutoConfiguration - MPJSqlInjector init
2024-04-28 16:11:25.178 [main] INFO  o.a.r.s.support.DefaultRocketMQListenerContainer - running container: DefaultRocketMQListenerContainer{consumerGroup='anran-consumer-group', nameServer='127.0.0.1:9876', topic='anran-topic', consumeMode=ORDERLY, selectorType=TAG, selectorExpression='syn||asyn||way', messageModel=CLUSTERING}
2024-04-28 16:11:25.179 [main] INFO  o.a.r.s.a.ListenerContainerConfiguration - Register the listener to container, listenerBeanName:rocketConsumer, containerBeanName:org.apache.rocketmq.spring.support.DefaultRocketMQListenerContainer_1
2024-04-28 16:11:25.221 [main] INFO  org.apache.coyote.http11.Http11NioProtocol - Starting ProtocolHandler ["http-nio-8082"]
2024-04-28 16:11:25.249 [main] INFO  o.s.boot.web.embedded.tomcat.TomcatWebServer - Tomcat started on port(s): 8082 (http) with context path ''
2024-04-28 16:11:25.284 [main] INFO  com.example.DemoApplication - Started DemoApplication in 16.742 seconds (JVM running for 19.329)
2024-04-28 16:11:57.151 [NettyClientSelector_1] INFO  RocketmqRemoting - closeChannel: close the connection to remote address[192.168.0.107:10911] result: true
2024-04-28 16:11:57.158 [NettyClientSelector_1] INFO  RocketmqRemoting - closeChannel: close the connection to remote address[127.0.0.1:9876] result: true
2024-04-28 16:13:45.281 [background-preinit] INFO  org.hibernate.validator.internal.util.Version - HV000001: Hibernate Validator 6.2.3.Final
2024-04-28 16:13:45.282 [main] INFO  com.example.DemoApplication - Starting DemoApplication using Java 1.8.0_333 on DESKTOP-3UBJMP5 with PID 14992 (C:\Users\PC\Documents\logisticsHelp\target\classes started by PC in C:\Users\PC\Documents\logisticsHelp)
2024-04-28 16:13:45.285 [main] INFO  com.example.DemoApplication - No active profile set, falling back to 1 default profile: "default"
2024-04-28 16:13:48.044 [main] INFO  o.s.d.r.config.RepositoryConfigurationDelegate - Multiple Spring Data modules found, entering strict repository configuration mode
2024-04-28 16:13:48.052 [main] INFO  o.s.d.r.config.RepositoryConfigurationDelegate - Bootstrapping Spring Data Redis repositories in DEFAULT mode.
2024-04-28 16:13:48.132 [main] INFO  o.s.d.r.config.RepositoryConfigurationDelegate - Finished Spring Data repository scanning in 34 ms. Found 0 Redis repository interfaces.
2024-04-28 16:13:50.535 [main] INFO  o.s.boot.web.embedded.tomcat.TomcatWebServer - Tomcat initialized with port(s): 8082 (http)
2024-04-28 16:13:50.559 [main] INFO  org.apache.coyote.http11.Http11NioProtocol - Initializing ProtocolHandler ["http-nio-8082"]
2024-04-28 16:13:50.561 [main] INFO  org.apache.catalina.core.StandardService - Starting service [Tomcat]
2024-04-28 16:13:50.562 [main] INFO  org.apache.catalina.core.StandardEngine - Starting Servlet engine: [Apache Tomcat/9.0.65]
2024-04-28 16:13:50.900 [main] INFO  o.a.c.core.ContainerBase.[Tomcat].[localhost].[/] - Initializing Spring embedded WebApplicationContext
2024-04-28 16:13:50.902 [main] INFO  o.s.b.w.s.c.ServletWebServerApplicationContext - Root WebApplicationContext: initialization completed in 5361 ms
2024-04-28 16:13:51.353 [main] INFO  c.g.y.a.MybatisPlusJoinAutoConfiguration - MPJSqlInjector init
2024-04-28 16:14:07.017 [main] INFO  o.a.r.s.support.DefaultRocketMQListenerContainer - running container: DefaultRocketMQListenerContainer{consumerGroup='anran-consumer-group', nameServer='127.0.0.1:9876', topic='anran-topic', consumeMode=ORDERLY, selectorType=TAG, selectorExpression='syn||asyn||way', messageModel=CLUSTERING}
2024-04-28 16:14:07.020 [main] INFO  o.a.r.s.a.ListenerContainerConfiguration - Register the listener to container, listenerBeanName:rocketConsumer, containerBeanName:org.apache.rocketmq.spring.support.DefaultRocketMQListenerContainer_1
2024-04-28 16:14:07.144 [main] INFO  org.apache.coyote.http11.Http11NioProtocol - Starting ProtocolHandler ["http-nio-8082"]
2024-04-28 16:14:07.195 [main] INFO  o.s.boot.web.embedded.tomcat.TomcatWebServer - Tomcat started on port(s): 8082 (http) with context path ''
2024-04-28 16:14:07.229 [main] INFO  com.example.DemoApplication - Started DemoApplication in 24.269 seconds (JVM running for 28.163)
2024-04-28 16:14:15.306 [http-nio-8082-exec-8] INFO  o.a.c.core.ContainerBase.[Tomcat].[localhost].[/] - Initializing Spring DispatcherServlet 'dispatcherServlet'
2024-04-28 16:14:15.307 [http-nio-8082-exec-8] INFO  org.springframework.web.servlet.DispatcherServlet - Initializing Servlet 'dispatcherServlet'
2024-04-28 16:14:15.312 [http-nio-8082-exec-8] INFO  org.springframework.web.servlet.DispatcherServlet - Completed initialization in 5 ms
2024-04-28 16:14:20.056 [http-nio-8082-exec-8] INFO  com.example.controller.AssessController - 文件开始上传：
2024-04-28 16:14:46.137 [NettyClientSelector_1] INFO  RocketmqRemoting - closeChannel: close the connection to remote address[127.0.0.1:9876] result: true
2024-04-28 16:14:46.139 [NettyClientSelector_1] INFO  RocketmqRemoting - closeChannel: close the connection to remote address[192.168.0.107:10911] result: true
2024-04-28 16:17:00.210 [main] INFO  com.example.DemoApplication - Starting DemoApplication using Java 1.8.0_333 on DESKTOP-3UBJMP5 with PID 19932 (C:\Users\PC\Documents\logisticsHelp\target\classes started by PC in C:\Users\PC\Documents\logisticsHelp)
2024-04-28 16:17:00.218 [main] INFO  com.example.DemoApplication - No active profile set, falling back to 1 default profile: "default"
2024-04-28 16:17:00.216 [background-preinit] INFO  org.hibernate.validator.internal.util.Version - HV000001: Hibernate Validator 6.2.3.Final
2024-04-28 16:17:01.896 [main] INFO  o.s.d.r.config.RepositoryConfigurationDelegate - Multiple Spring Data modules found, entering strict repository configuration mode
2024-04-28 16:17:01.902 [main] INFO  o.s.d.r.config.RepositoryConfigurationDelegate - Bootstrapping Spring Data Redis repositories in DEFAULT mode.
2024-04-28 16:17:01.963 [main] INFO  o.s.d.r.config.RepositoryConfigurationDelegate - Finished Spring Data repository scanning in 27 ms. Found 0 Redis repository interfaces.
2024-04-28 16:17:03.079 [main] INFO  o.s.boot.web.embedded.tomcat.TomcatWebServer - Tomcat initialized with port(s): 8082 (http)
2024-04-28 16:17:03.094 [main] INFO  org.apache.coyote.http11.Http11NioProtocol - Initializing ProtocolHandler ["http-nio-8082"]
2024-04-28 16:17:03.095 [main] INFO  org.apache.catalina.core.StandardService - Starting service [Tomcat]
2024-04-28 16:17:03.096 [main] INFO  org.apache.catalina.core.StandardEngine - Starting Servlet engine: [Apache Tomcat/9.0.65]
2024-04-28 16:17:03.360 [main] INFO  o.a.c.core.ContainerBase.[Tomcat].[localhost].[/] - Initializing Spring embedded WebApplicationContext
2024-04-28 16:17:03.361 [main] INFO  o.s.b.w.s.c.ServletWebServerApplicationContext - Root WebApplicationContext: initialization completed in 2941 ms
2024-04-28 16:17:03.725 [main] INFO  c.g.y.a.MybatisPlusJoinAutoConfiguration - MPJSqlInjector init
2024-04-28 16:17:13.970 [main] INFO  o.a.r.s.support.DefaultRocketMQListenerContainer - running container: DefaultRocketMQListenerContainer{consumerGroup='anran-consumer-group', nameServer='127.0.0.1:9876', topic='anran-topic', consumeMode=ORDERLY, selectorType=TAG, selectorExpression='syn||asyn||way', messageModel=CLUSTERING}
2024-04-28 16:17:13.972 [main] INFO  o.a.r.s.a.ListenerContainerConfiguration - Register the listener to container, listenerBeanName:rocketConsumer, containerBeanName:org.apache.rocketmq.spring.support.DefaultRocketMQListenerContainer_1
2024-04-28 16:17:14.018 [main] INFO  org.apache.coyote.http11.Http11NioProtocol - Starting ProtocolHandler ["http-nio-8082"]
2024-04-28 16:17:14.043 [main] INFO  o.s.boot.web.embedded.tomcat.TomcatWebServer - Tomcat started on port(s): 8082 (http) with context path ''
2024-04-28 16:17:14.077 [main] INFO  com.example.DemoApplication - Started DemoApplication in 16.032 seconds (JVM running for 19.103)
2024-04-28 16:17:23.280 [http-nio-8082-exec-1] INFO  o.a.c.core.ContainerBase.[Tomcat].[localhost].[/] - Initializing Spring DispatcherServlet 'dispatcherServlet'
2024-04-28 16:17:23.281 [http-nio-8082-exec-1] INFO  org.springframework.web.servlet.DispatcherServlet - Initializing Servlet 'dispatcherServlet'
2024-04-28 16:17:23.284 [http-nio-8082-exec-1] INFO  org.springframework.web.servlet.DispatcherServlet - Completed initialization in 3 ms
2024-04-28 16:27:36.725 [NettyClientSelector_1] INFO  RocketmqRemoting - closeChannel: close the connection to remote address[127.0.0.1:9876] result: true
2024-04-28 16:27:36.728 [NettyClientSelector_1] INFO  RocketmqRemoting - closeChannel: close the connection to remote address[192.168.0.107:10911] result: true
2024-04-28 16:30:23.646 [background-preinit] INFO  org.hibernate.validator.internal.util.Version - HV000001: Hibernate Validator 6.2.3.Final
2024-04-28 16:30:23.652 [main] INFO  com.example.DemoApplication - Starting DemoApplication using Java 1.8.0_333 on DESKTOP-3UBJMP5 with PID 18300 (C:\Users\PC\Documents\logisticsHelp\target\classes started by PC in C:\Users\PC\Documents\logisticsHelp)
2024-04-28 16:30:23.654 [main] INFO  com.example.DemoApplication - No active profile set, falling back to 1 default profile: "default"
2024-04-28 16:30:25.958 [main] INFO  o.s.d.r.config.RepositoryConfigurationDelegate - Multiple Spring Data modules found, entering strict repository configuration mode
2024-04-28 16:30:25.964 [main] INFO  o.s.d.r.config.RepositoryConfigurationDelegate - Bootstrapping Spring Data Redis repositories in DEFAULT mode.
2024-04-28 16:30:26.036 [main] INFO  o.s.d.r.config.RepositoryConfigurationDelegate - Finished Spring Data repository scanning in 35 ms. Found 0 Redis repository interfaces.
2024-04-28 16:30:27.754 [main] INFO  o.s.boot.web.embedded.tomcat.TomcatWebServer - Tomcat initialized with port(s): 8082 (http)
2024-04-28 16:30:27.774 [main] INFO  org.apache.coyote.http11.Http11NioProtocol - Initializing ProtocolHandler ["http-nio-8082"]
2024-04-28 16:30:27.776 [main] INFO  org.apache.catalina.core.StandardService - Starting service [Tomcat]
2024-04-28 16:30:27.776 [main] INFO  org.apache.catalina.core.StandardEngine - Starting Servlet engine: [Apache Tomcat/9.0.65]
2024-04-28 16:30:28.133 [main] INFO  o.a.c.core.ContainerBase.[Tomcat].[localhost].[/] - Initializing Spring embedded WebApplicationContext
2024-04-28 16:30:28.134 [main] INFO  o.s.b.w.s.c.ServletWebServerApplicationContext - Root WebApplicationContext: initialization completed in 4255 ms
2024-04-28 16:30:28.900 [main] INFO  c.g.y.a.MybatisPlusJoinAutoConfiguration - MPJSqlInjector init
2024-04-28 16:30:49.416 [main] INFO  o.a.r.s.support.DefaultRocketMQListenerContainer - running container: DefaultRocketMQListenerContainer{consumerGroup='anran-consumer-group', nameServer='127.0.0.1:9876', topic='anran-topic', consumeMode=ORDERLY, selectorType=TAG, selectorExpression='syn||asyn||way', messageModel=CLUSTERING}
2024-04-28 16:30:49.416 [main] INFO  o.a.r.s.a.ListenerContainerConfiguration - Register the listener to container, listenerBeanName:rocketConsumer, containerBeanName:org.apache.rocketmq.spring.support.DefaultRocketMQListenerContainer_1
2024-04-28 16:30:49.583 [main] INFO  org.apache.coyote.http11.Http11NioProtocol - Starting ProtocolHandler ["http-nio-8082"]
2024-04-28 16:30:49.625 [main] INFO  o.s.boot.web.embedded.tomcat.TomcatWebServer - Tomcat started on port(s): 8082 (http) with context path ''
2024-04-28 16:30:49.683 [main] INFO  com.example.DemoApplication - Started DemoApplication in 29.111 seconds (JVM running for 33.112)
2024-04-28 16:30:55.175 [http-nio-8082-exec-1] INFO  o.a.c.core.ContainerBase.[Tomcat].[localhost].[/] - Initializing Spring DispatcherServlet 'dispatcherServlet'
2024-04-28 16:30:55.176 [http-nio-8082-exec-1] INFO  org.springframework.web.servlet.DispatcherServlet - Initializing Servlet 'dispatcherServlet'
2024-04-28 16:30:55.181 [http-nio-8082-exec-1] INFO  org.springframework.web.servlet.DispatcherServlet - Completed initialization in 3 ms
2024-04-28 16:33:36.361 [NettyClientSelector_1] INFO  RocketmqRemoting - closeChannel: close the connection to remote address[127.0.0.1:9876] result: true
2024-04-28 16:33:36.363 [NettyClientSelector_1] INFO  RocketmqRemoting - closeChannel: close the connection to remote address[192.168.0.107:10911] result: true
2024-04-28 16:33:58.194 [main] INFO  com.example.DemoApplication - Starting DemoApplication using Java 1.8.0_333 on DESKTOP-3UBJMP5 with PID 11940 (C:\Users\PC\Documents\logisticsHelp\target\classes started by PC in C:\Users\PC\Documents\logisticsHelp)
2024-04-28 16:33:58.199 [background-preinit] INFO  org.hibernate.validator.internal.util.Version - HV000001: Hibernate Validator 6.2.3.Final
2024-04-28 16:33:58.202 [main] INFO  com.example.DemoApplication - No active profile set, falling back to 1 default profile: "default"
2024-04-28 16:34:00.041 [main] INFO  o.s.d.r.config.RepositoryConfigurationDelegate - Multiple Spring Data modules found, entering strict repository configuration mode
2024-04-28 16:34:00.048 [main] INFO  o.s.d.r.config.RepositoryConfigurationDelegate - Bootstrapping Spring Data Redis repositories in DEFAULT mode.
2024-04-28 16:34:00.106 [main] INFO  o.s.d.r.config.RepositoryConfigurationDelegate - Finished Spring Data repository scanning in 26 ms. Found 0 Redis repository interfaces.
2024-04-28 16:34:01.294 [main] INFO  o.s.boot.web.embedded.tomcat.TomcatWebServer - Tomcat initialized with port(s): 8082 (http)
2024-04-28 16:34:01.310 [main] INFO  org.apache.coyote.http11.Http11NioProtocol - Initializing ProtocolHandler ["http-nio-8082"]
2024-04-28 16:34:01.311 [main] INFO  org.apache.catalina.core.StandardService - Starting service [Tomcat]
2024-04-28 16:34:01.312 [main] INFO  org.apache.catalina.core.StandardEngine - Starting Servlet engine: [Apache Tomcat/9.0.65]
2024-04-28 16:34:01.606 [main] INFO  o.a.c.core.ContainerBase.[Tomcat].[localhost].[/] - Initializing Spring embedded WebApplicationContext
2024-04-28 16:34:01.607 [main] INFO  o.s.b.w.s.c.ServletWebServerApplicationContext - Root WebApplicationContext: initialization completed in 3235 ms
2024-04-28 16:34:01.959 [main] INFO  c.g.y.a.MybatisPlusJoinAutoConfiguration - MPJSqlInjector init
2024-04-28 16:34:13.920 [main] INFO  o.a.r.s.support.DefaultRocketMQListenerContainer - running container: DefaultRocketMQListenerContainer{consumerGroup='anran-consumer-group', nameServer='127.0.0.1:9876', topic='anran-topic', consumeMode=ORDERLY, selectorType=TAG, selectorExpression='syn||asyn||way', messageModel=CLUSTERING}
2024-04-28 16:34:13.922 [main] INFO  o.a.r.s.a.ListenerContainerConfiguration - Register the listener to container, listenerBeanName:rocketConsumer, containerBeanName:org.apache.rocketmq.spring.support.DefaultRocketMQListenerContainer_1
2024-04-28 16:34:13.981 [main] INFO  org.apache.coyote.http11.Http11NioProtocol - Starting ProtocolHandler ["http-nio-8082"]
2024-04-28 16:34:14.011 [main] INFO  o.s.boot.web.embedded.tomcat.TomcatWebServer - Tomcat started on port(s): 8082 (http) with context path ''
2024-04-28 16:34:14.060 [main] INFO  com.example.DemoApplication - Started DemoApplication in 18.471 seconds (JVM running for 21.224)
2024-04-28 16:34:14.414 [http-nio-8082-exec-4] INFO  o.a.c.core.ContainerBase.[Tomcat].[localhost].[/] - Initializing Spring DispatcherServlet 'dispatcherServlet'
2024-04-28 16:34:14.415 [http-nio-8082-exec-4] INFO  org.springframework.web.servlet.DispatcherServlet - Initializing Servlet 'dispatcherServlet'
2024-04-28 16:34:14.417 [http-nio-8082-exec-4] INFO  org.springframework.web.servlet.DispatcherServlet - Completed initialization in 2 ms
2024-04-28 16:37:39.196 [NettyClientSelector_1] INFO  RocketmqRemoting - closeChannel: close the connection to remote address[127.0.0.1:9876] result: true
2024-04-28 16:37:39.198 [NettyClientSelector_1] INFO  RocketmqRemoting - closeChannel: close the connection to remote address[192.168.0.107:10911] result: true
2024-04-28 16:38:08.170 [background-preinit] INFO  org.hibernate.validator.internal.util.Version - HV000001: Hibernate Validator 6.2.3.Final
2024-04-28 16:38:08.176 [main] INFO  com.example.DemoApplication - Starting DemoApplication using Java 1.8.0_333 on DESKTOP-3UBJMP5 with PID 18004 (C:\Users\PC\Documents\logisticsHelp\target\classes started by PC in C:\Users\PC\Documents\logisticsHelp)
2024-04-28 16:38:08.178 [main] INFO  com.example.DemoApplication - No active profile set, falling back to 1 default profile: "default"
2024-04-28 16:38:10.818 [main] INFO  o.s.d.r.config.RepositoryConfigurationDelegate - Multiple Spring Data modules found, entering strict repository configuration mode
2024-04-28 16:38:10.822 [main] INFO  o.s.d.r.config.RepositoryConfigurationDelegate - Bootstrapping Spring Data Redis repositories in DEFAULT mode.
2024-04-28 16:38:10.888 [main] INFO  o.s.d.r.config.RepositoryConfigurationDelegate - Finished Spring Data repository scanning in 28 ms. Found 0 Redis repository interfaces.
2024-04-28 16:38:12.736 [main] INFO  o.s.boot.web.embedded.tomcat.TomcatWebServer - Tomcat initialized with port(s): 8082 (http)
2024-04-28 16:38:12.758 [main] INFO  org.apache.coyote.http11.Http11NioProtocol - Initializing ProtocolHandler ["http-nio-8082"]
2024-04-28 16:38:12.759 [main] INFO  org.apache.catalina.core.StandardService - Starting service [Tomcat]
2024-04-28 16:38:12.760 [main] INFO  org.apache.catalina.core.StandardEngine - Starting Servlet engine: [Apache Tomcat/9.0.65]
2024-04-28 16:38:13.028 [main] INFO  o.a.c.core.ContainerBase.[Tomcat].[localhost].[/] - Initializing Spring embedded WebApplicationContext
2024-04-28 16:38:13.029 [main] INFO  o.s.b.w.s.c.ServletWebServerApplicationContext - Root WebApplicationContext: initialization completed in 4647 ms
2024-04-28 16:38:13.371 [main] INFO  c.g.y.a.MybatisPlusJoinAutoConfiguration - MPJSqlInjector init
2024-04-28 16:38:23.178 [main] INFO  o.a.r.s.support.DefaultRocketMQListenerContainer - running container: DefaultRocketMQListenerContainer{consumerGroup='anran-consumer-group', nameServer='127.0.0.1:9876', topic='anran-topic', consumeMode=ORDERLY, selectorType=TAG, selectorExpression='syn||asyn||way', messageModel=CLUSTERING}
2024-04-28 16:38:23.178 [main] INFO  o.a.r.s.a.ListenerContainerConfiguration - Register the listener to container, listenerBeanName:rocketConsumer, containerBeanName:org.apache.rocketmq.spring.support.DefaultRocketMQListenerContainer_1
2024-04-28 16:38:23.227 [main] INFO  org.apache.coyote.http11.Http11NioProtocol - Starting ProtocolHandler ["http-nio-8082"]
2024-04-28 16:38:23.269 [main] INFO  o.s.boot.web.embedded.tomcat.TomcatWebServer - Tomcat started on port(s): 8082 (http) with context path ''
2024-04-28 16:38:23.313 [main] INFO  com.example.DemoApplication - Started DemoApplication in 17.051 seconds (JVM running for 20.204)
2024-04-28 16:38:37.225 [http-nio-8082-exec-1] INFO  o.a.c.core.ContainerBase.[Tomcat].[localhost].[/] - Initializing Spring DispatcherServlet 'dispatcherServlet'
2024-04-28 16:38:37.231 [http-nio-8082-exec-1] INFO  org.springframework.web.servlet.DispatcherServlet - Initializing Servlet 'dispatcherServlet'
2024-04-28 16:38:37.239 [http-nio-8082-exec-1] INFO  org.springframework.web.servlet.DispatcherServlet - Completed initialization in 7 ms
2024-04-28 16:39:52.707 [NettyClientSelector_1] INFO  RocketmqRemoting - closeChannel: close the connection to remote address[192.168.0.107:10911] result: true
2024-04-28 16:39:52.710 [NettyClientSelector_1] INFO  RocketmqRemoting - closeChannel: close the connection to remote address[127.0.0.1:9876] result: true
2024-04-28 16:40:01.597 [main] INFO  com.example.DemoApplication - Starting DemoApplication using Java 1.8.0_333 on DESKTOP-3UBJMP5 with PID 5180 (C:\Users\PC\Documents\logisticsHelp\target\classes started by PC in C:\Users\PC\Documents\logisticsHelp)
2024-04-28 16:40:01.600 [background-preinit] INFO  org.hibernate.validator.internal.util.Version - HV000001: Hibernate Validator 6.2.3.Final
2024-04-28 16:40:01.605 [main] INFO  com.example.DemoApplication - No active profile set, falling back to 1 default profile: "default"
2024-04-28 16:40:03.967 [main] INFO  o.s.d.r.config.RepositoryConfigurationDelegate - Multiple Spring Data modules found, entering strict repository configuration mode
2024-04-28 16:40:03.975 [main] INFO  o.s.d.r.config.RepositoryConfigurationDelegate - Bootstrapping Spring Data Redis repositories in DEFAULT mode.
2024-04-28 16:40:04.083 [main] INFO  o.s.d.r.config.RepositoryConfigurationDelegate - Finished Spring Data repository scanning in 51 ms. Found 0 Redis repository interfaces.
2024-04-28 16:40:06.122 [main] INFO  o.s.boot.web.embedded.tomcat.TomcatWebServer - Tomcat initialized with port(s): 8082 (http)
2024-04-28 16:40:06.142 [main] INFO  org.apache.coyote.http11.Http11NioProtocol - Initializing ProtocolHandler ["http-nio-8082"]
2024-04-28 16:40:06.144 [main] INFO  org.apache.catalina.core.StandardService - Starting service [Tomcat]
2024-04-28 16:40:06.145 [main] INFO  org.apache.catalina.core.StandardEngine - Starting Servlet engine: [Apache Tomcat/9.0.65]
2024-04-28 16:40:06.994 [main] INFO  o.a.c.core.ContainerBase.[Tomcat].[localhost].[/] - Initializing Spring embedded WebApplicationContext
2024-04-28 16:40:06.997 [main] INFO  o.s.b.w.s.c.ServletWebServerApplicationContext - Root WebApplicationContext: initialization completed in 5178 ms
2024-04-28 16:40:08.382 [main] INFO  c.g.y.a.MybatisPlusJoinAutoConfiguration - MPJSqlInjector init
2024-04-28 16:40:23.059 [main] INFO  o.a.r.s.support.DefaultRocketMQListenerContainer - running container: DefaultRocketMQListenerContainer{consumerGroup='anran-consumer-group', nameServer='127.0.0.1:9876', topic='anran-topic', consumeMode=ORDERLY, selectorType=TAG, selectorExpression='syn||asyn||way', messageModel=CLUSTERING}
2024-04-28 16:40:23.061 [main] INFO  o.a.r.s.a.ListenerContainerConfiguration - Register the listener to container, listenerBeanName:rocketConsumer, containerBeanName:org.apache.rocketmq.spring.support.DefaultRocketMQListenerContainer_1
2024-04-28 16:40:23.130 [main] INFO  org.apache.coyote.http11.Http11NioProtocol - Starting ProtocolHandler ["http-nio-8082"]
2024-04-28 16:40:23.162 [main] INFO  o.s.boot.web.embedded.tomcat.TomcatWebServer - Tomcat started on port(s): 8082 (http) with context path ''
2024-04-28 16:40:23.201 [main] INFO  com.example.DemoApplication - Started DemoApplication in 23.455 seconds (JVM running for 26.09)
2024-04-28 16:40:23.586 [http-nio-8082-exec-1] INFO  o.a.c.core.ContainerBase.[Tomcat].[localhost].[/] - Initializing Spring DispatcherServlet 'dispatcherServlet'
2024-04-28 16:40:23.587 [http-nio-8082-exec-1] INFO  org.springframework.web.servlet.DispatcherServlet - Initializing Servlet 'dispatcherServlet'
2024-04-28 16:40:23.628 [http-nio-8082-exec-1] INFO  org.springframework.web.servlet.DispatcherServlet - Completed initialization in 41 ms
2024-04-28 16:40:48.226 [NettyClientSelector_1] INFO  RocketmqRemoting - closeChannel: close the connection to remote address[192.168.0.107:10911] result: true
2024-04-28 16:40:48.230 [NettyClientSelector_1] INFO  RocketmqRemoting - closeChannel: close the connection to remote address[127.0.0.1:9876] result: true
2024-04-28 16:40:57.029 [main] INFO  com.example.DemoApplication - Starting DemoApplication using Java 1.8.0_333 on DESKTOP-3UBJMP5 with PID 8772 (C:\Users\PC\Documents\logisticsHelp\target\classes started by PC in C:\Users\PC\Documents\logisticsHelp)
2024-04-28 16:40:57.040 [main] INFO  com.example.DemoApplication - No active profile set, falling back to 1 default profile: "default"
2024-04-28 16:40:57.046 [background-preinit] INFO  org.hibernate.validator.internal.util.Version - HV000001: Hibernate Validator 6.2.3.Final
2024-04-28 16:40:58.671 [main] INFO  o.s.d.r.config.RepositoryConfigurationDelegate - Multiple Spring Data modules found, entering strict repository configuration mode
2024-04-28 16:40:58.676 [main] INFO  o.s.d.r.config.RepositoryConfigurationDelegate - Bootstrapping Spring Data Redis repositories in DEFAULT mode.
2024-04-28 16:40:58.737 [main] INFO  o.s.d.r.config.RepositoryConfigurationDelegate - Finished Spring Data repository scanning in 29 ms. Found 0 Redis repository interfaces.
2024-04-28 16:40:59.881 [main] INFO  o.s.boot.web.embedded.tomcat.TomcatWebServer - Tomcat initialized with port(s): 8082 (http)
2024-04-28 16:40:59.897 [main] INFO  org.apache.coyote.http11.Http11NioProtocol - Initializing ProtocolHandler ["http-nio-8082"]
2024-04-28 16:40:59.903 [main] INFO  org.apache.catalina.core.StandardService - Starting service [Tomcat]
2024-04-28 16:40:59.911 [main] INFO  org.apache.catalina.core.StandardEngine - Starting Servlet engine: [Apache Tomcat/9.0.65]
2024-04-28 16:41:00.281 [main] INFO  o.a.c.core.ContainerBase.[Tomcat].[localhost].[/] - Initializing Spring embedded WebApplicationContext
2024-04-28 16:41:00.282 [main] INFO  o.s.b.w.s.c.ServletWebServerApplicationContext - Root WebApplicationContext: initialization completed in 3040 ms
2024-04-28 16:41:00.781 [main] INFO  c.g.y.a.MybatisPlusJoinAutoConfiguration - MPJSqlInjector init
2024-04-28 16:41:10.442 [main] INFO  o.a.r.s.support.DefaultRocketMQListenerContainer - running container: DefaultRocketMQListenerContainer{consumerGroup='anran-consumer-group', nameServer='127.0.0.1:9876', topic='anran-topic', consumeMode=ORDERLY, selectorType=TAG, selectorExpression='syn||asyn||way', messageModel=CLUSTERING}
2024-04-28 16:41:10.442 [main] INFO  o.a.r.s.a.ListenerContainerConfiguration - Register the listener to container, listenerBeanName:rocketConsumer, containerBeanName:org.apache.rocketmq.spring.support.DefaultRocketMQListenerContainer_1
2024-04-28 16:41:10.488 [main] INFO  org.apache.coyote.http11.Http11NioProtocol - Starting ProtocolHandler ["http-nio-8082"]
2024-04-28 16:41:10.512 [main] INFO  o.s.boot.web.embedded.tomcat.TomcatWebServer - Tomcat started on port(s): 8082 (http) with context path ''
2024-04-28 16:41:10.539 [main] INFO  com.example.DemoApplication - Started DemoApplication in 15.467 seconds (JVM running for 18.193)
2024-04-28 16:42:01.590 [http-nio-8082-exec-1] INFO  o.a.c.core.ContainerBase.[Tomcat].[localhost].[/] - Initializing Spring DispatcherServlet 'dispatcherServlet'
2024-04-28 16:42:01.591 [http-nio-8082-exec-1] INFO  org.springframework.web.servlet.DispatcherServlet - Initializing Servlet 'dispatcherServlet'
2024-04-28 16:42:01.600 [http-nio-8082-exec-1] INFO  org.springframework.web.servlet.DispatcherServlet - Completed initialization in 9 ms
2024-04-28 16:45:42.298 [NettyClientSelector_1] INFO  RocketmqRemoting - closeChannel: close the connection to remote address[127.0.0.1:9876] result: true
2024-04-28 16:45:42.301 [NettyClientSelector_1] INFO  RocketmqRemoting - closeChannel: close the connection to remote address[192.168.0.107:10911] result: true
2024-04-28 16:48:20.321 [main] INFO  com.example.DemoApplication - Starting DemoApplication using Java 1.8.0_333 on DESKTOP-3UBJMP5 with PID 17368 (C:\Users\PC\Documents\logisticsHelp\target\classes started by PC in C:\Users\PC\Documents\logisticsHelp)
2024-04-28 16:48:20.326 [background-preinit] INFO  org.hibernate.validator.internal.util.Version - HV000001: Hibernate Validator 6.2.3.Final
2024-04-28 16:48:20.329 [main] INFO  com.example.DemoApplication - No active profile set, falling back to 1 default profile: "default"
2024-04-28 16:48:21.881 [main] INFO  o.s.d.r.config.RepositoryConfigurationDelegate - Multiple Spring Data modules found, entering strict repository configuration mode
2024-04-28 16:48:21.886 [main] INFO  o.s.d.r.config.RepositoryConfigurationDelegate - Bootstrapping Spring Data Redis repositories in DEFAULT mode.
2024-04-28 16:48:21.950 [main] INFO  o.s.d.r.config.RepositoryConfigurationDelegate - Finished Spring Data repository scanning in 33 ms. Found 0 Redis repository interfaces.
2024-04-28 16:48:23.080 [main] INFO  o.s.boot.web.embedded.tomcat.TomcatWebServer - Tomcat initialized with port(s): 8082 (http)
2024-04-28 16:48:23.096 [main] INFO  org.apache.coyote.http11.Http11NioProtocol - Initializing ProtocolHandler ["http-nio-8082"]
2024-04-28 16:48:23.097 [main] INFO  org.apache.catalina.core.StandardService - Starting service [Tomcat]
2024-04-28 16:48:23.098 [main] INFO  org.apache.catalina.core.StandardEngine - Starting Servlet engine: [Apache Tomcat/9.0.65]
2024-04-28 16:48:23.382 [main] INFO  o.a.c.core.ContainerBase.[Tomcat].[localhost].[/] - Initializing Spring embedded WebApplicationContext
2024-04-28 16:48:23.383 [main] INFO  o.s.b.w.s.c.ServletWebServerApplicationContext - Root WebApplicationContext: initialization completed in 2888 ms
2024-04-28 16:48:23.743 [main] INFO  c.g.y.a.MybatisPlusJoinAutoConfiguration - MPJSqlInjector init
2024-04-28 16:48:33.506 [main] INFO  o.a.r.s.support.DefaultRocketMQListenerContainer - running container: DefaultRocketMQListenerContainer{consumerGroup='anran-consumer-group', nameServer='127.0.0.1:9876', topic='anran-topic', consumeMode=ORDERLY, selectorType=TAG, selectorExpression='syn||asyn||way', messageModel=CLUSTERING}
2024-04-28 16:48:33.508 [main] INFO  o.a.r.s.a.ListenerContainerConfiguration - Register the listener to container, listenerBeanName:rocketConsumer, containerBeanName:org.apache.rocketmq.spring.support.DefaultRocketMQListenerContainer_1
2024-04-28 16:48:33.592 [main] INFO  org.apache.coyote.http11.Http11NioProtocol - Starting ProtocolHandler ["http-nio-8082"]
2024-04-28 16:48:33.622 [main] INFO  o.s.boot.web.embedded.tomcat.TomcatWebServer - Tomcat started on port(s): 8082 (http) with context path ''
2024-04-28 16:48:33.661 [main] INFO  com.example.DemoApplication - Started DemoApplication in 15.161 seconds (JVM running for 18.272)
2024-04-28 16:48:36.509 [http-nio-8082-exec-2] INFO  o.a.c.core.ContainerBase.[Tomcat].[localhost].[/] - Initializing Spring DispatcherServlet 'dispatcherServlet'
2024-04-28 16:48:36.510 [http-nio-8082-exec-2] INFO  org.springframework.web.servlet.DispatcherServlet - Initializing Servlet 'dispatcherServlet'
2024-04-28 16:48:36.514 [http-nio-8082-exec-2] INFO  org.springframework.web.servlet.DispatcherServlet - Completed initialization in 4 ms
2024-04-28 16:56:28.491 [NettyClientSelector_1] INFO  RocketmqRemoting - closeChannel: close the connection to remote address[192.168.0.107:10911] result: true
2024-04-28 16:56:28.493 [NettyClientSelector_1] INFO  RocketmqRemoting - closeChannel: close the connection to remote address[127.0.0.1:9876] result: true
